<?xml version="1.0" encoding="UTF-8"?>
<testsuite xmlns:xsi="http://www.w3.org/2001/XMLSchema-instance" xsi:noNamespaceSchemaLocation="https://maven.apache.org/surefire/maven-surefire-plugin/xsd/surefire-test-report-3.0.xsd" version="3.0" name="io.archai.javaanalyzer.AnalyzerTest" time="2.502" tests="5" errors="0" skipped="0" failures="0">
  <properties>
[...]
</properties>
  <testcase name="inheritance" classname="io.archai.javaanalyzer.AnalyzerTest" time="1.77"/>
  <testcase name="simpleClass" classname="io.archai.javaanalyzer.AnalyzerTest" time="0.147"/>
  <testcase name="recordType" classname="io.archai.javaanalyzer.AnalyzerTest" time="0.103"/>
  <testcase name="interfaceWithDefault" classname="io.archai.javaanalyzer.AnalyzerTest" time="0.202"/>
  <testcase name="sealedAndEnums" classname="io.archai.javaanalyzer.AnalyzerTest" time="0.108"/>
</testsuite>